TN:
SF:src\router.ts
FN:25,(anonymous_0)
FN:40,(anonymous_1)
FNF:2
FNH:2
FNDA:4,(anonymous_0)
FNDA:5,(anonymous_1)
DA:1,1
DA:2,1
DA:3,1
DA:4,1
DA:6,1
DA:9,1
DA:10,1
DA:18,1
DA:25,4
DA:31,1
DA:40,5
DA:48,1
DA:55,1
DA:62,1
LF:14
LH:14
BRF:0
BRH:0
end_of_record
TN:
SF:src\server.ts
FN:7,connectDB
FNF:1
FNH:1
FNDA:1,connectDB
DA:1,1
DA:2,1
DA:3,1
DA:4,1
DA:8,1
DA:9,1
DA:10,1
DA:14,0
DA:17,1
DA:20,1
DA:22,1
DA:23,1
DA:25,1
LF:13
LH:12
BRF:0
BRH:0
end_of_record
TN:
SF:src\config\db.ts
FNF:0
FNH:0
DA:1,1
DA:2,1
DA:3,1
DA:5,1
DA:10,1
LF:5
LH:5
BRF:0
BRH:0
end_of_record
TN:
SF:src\handlers\product.ts
FN:5,(anonymous_1)
FN:17,(anonymous_2)
FN:36,(anonymous_3)
FN:47,(anonymous_4)
FN:70,(anonymous_5)
FN:93,(anonymous_6)
FNF:6
FNH:6
FNDA:2,(anonymous_1)
FNDA:2,(anonymous_2)
FNDA:1,(anonymous_3)
FNDA:2,(anonymous_4)
FNDA:2,(anonymous_5)
FNDA:2,(anonymous_6)
DA:2,1
DA:5,1
DA:6,2
DA:7,2
DA:10,2
DA:12,0
DA:17,1
DA:18,2
DA:19,2
DA:20,2
DA:23,2
DA:24,1
DA:29,2
DA:31,1
DA:36,1
DA:37,1
DA:38,1
DA:39,1
DA:42,0
DA:47,1
DA:48,2
DA:49,2
DA:50,2
DA:53,2
DA:54,1
DA:60,2
DA:61,1
DA:62,1
DA:65,1
DA:70,1
DA:71,2
DA:72,2
DA:73,2
DA:76,2
DA:77,1
DA:83,2
DA:84,1
DA:85,1
DA:88,1
DA:93,1
DA:94,2
DA:95,2
DA:96,2
DA:99,2
DA:100,1
DA:106,2
DA:107,1
DA:110,1
LF:48
LH:46
BRDA:23,0,0,1
BRDA:53,1,0,1
BRDA:76,2,0,1
BRDA:99,3,0,1
BRF:4
BRH:4
end_of_record
TN:
SF:src\middleware\index.ts
FN:4,(anonymous_0)
FNF:1
FNH:1
FNDA:17,(anonymous_0)
DA:2,1
DA:4,1
DA:6,17
DA:7,17
DA:8,8
DA:10,9
LF:6
LH:6
BRDA:7,0,0,8
BRF:1
BRH:1
end_of_record
TN:
SF:src\models\Products.models.ts
FNF:0
FNH:0
DA:1,1
DA:8,1
DA:12,1
DA:17,1
DA:23,1
DA:26,1
LF:6
LH:6
BRF:0
BRH:0
end_of_record
